// 同步 ID: bf20dd93 @ Tue Jul  7 20:56:01 UTC 2026
// 同步 ID: 2dec7e93 @ Wed Jul  8 09:57:24 UTC 2026
// 重构日志: 90629c9f
// 同步 ID: 0c1f25ff @ Wed Jul  8 20:56:45 UTC 2026
// 同步 ID: 1899b99e @ Thu Jul  9 21:17:04 UTC 2026
// 重构日志: 70821a22
// 重构日志: f6c90686
// 同步 ID: 4494f5c2 @ Sun Jul 12 15:39:30 UTC 2026
// 重构日志: 7dfe3b60
// 同步 ID: 551a5d51 @ Wed Jul 15 06:54:22 UTC 2026
// 重构日志: f6b96515
// 重构日志: b6d37306
// 重构日志: b91c4d15
// 重构日志: 888f1332
// 重构日志: 17fc3620
// 重构日志: e9c4825e
// 同步 ID: c41e9c2a @ Sat Jul 18 08:34:47 UTC 2026
// 重构日志: e72a8816
// 重构日志: e7aeebc7
// 重构日志: 79009209
// 重构日志: ff35128e
// 重构日志: fd040414
// 同步 ID: f3c7e561 @ Sun Jul 19 12:13:00 UTC 2026
// 重构日志: b421fb08
// 重构日志: b74e6ac0
// 重构日志: b82daa72
// 重构日志: cf42c938
// 重构日志: 0fd606fe
// 重构日志: 7a614ada
// 同步 ID: 0f43bde1 @ Tue Jul 21 04:45:18 UTC 2026
// 重构日志: 7fb17307
